<?xml version="1.0" encoding="UTF-8"?>
<!-- Generated by org.testng.reporters.JUnitReportReporter -->
<testsuite hostname="DESKTOP-B50K3QI" failures="0" tests="1" name="testRunner.Runner" time="8.704" errors="0" timestamp="2022-02-05T00:29:41 EST" skipped="0">
  <testcase classname="testRunner.Runner" name="runScenario" time="8.704"/>
  <system-out/>
</testsuite> <!-- testRunner.Runner -->
